<?xml version="1.0" encoding="UTF-8"?>
<!-- Generated by org.testng.reporters.JUnitReportReporter -->
<testsuite hostname="Chandra-XPS" failures="0" tests="4" name="api.test.userTests2" time="4.018" errors="0" timestamp="2024-08-29T14:58:09 CDT" skipped="0">
  <testcase classname="api.test.userTests2" name="testPostUser" time="1.909"/>
  <testcase classname="api.test.userTests2" name="testGetUser" time="0.412"/>
  <testcase classname="api.test.userTests2" name="testPutUser" time="1.351"/>
  <testcase classname="api.test.userTests2" name="testDelUser" time="0.346"/>
</testsuite> <!-- api.test.userTests2 -->
