<?xml version="1.0" encoding="UTF-8"?>
<!-- Generated by org.testng.reporters.JUnitReportReporter -->
<testsuite hostname="Chandra-XPS" failures="0" tests="57" name="api.test.DDTests" time="20.327" errors="0" timestamp="2024-08-29T13:36:10 CDT" skipped="0">
  <testcase classname="api.test.DDTests" name="testPOSTUsers" time="0.300"/>
  <testcase classname="api.test.DDTests" name="testPOSTUsers" time="0.288"/>
  <testcase classname="api.test.DDTests" name="testPOSTUsers" time="0.276"/>
  <testcase classname="api.test.DDTests" name="testPOSTUsers" time="0.426"/>
  <testcase classname="api.test.DDTests" name="testPOSTUsers" time="0.269"/>
  <testcase classname="api.test.DDTests" name="testPOSTUsers" time="0.333"/>
  <testcase classname="api.test.DDTests" name="testPOSTUsers" time="0.392"/>
  <testcase classname="api.test.DDTests" name="testPOSTUsers" time="0.390"/>
  <testcase classname="api.test.DDTests" name="testPOSTUsers" time="0.293"/>
  <testcase classname="api.test.DDTests" name="testPOSTUsers" time="1.887"/>
  <testcase classname="api.test.DDTests" name="testPOSTUsers" time="0.375"/>
  <testcase classname="api.test.DDTests" name="testPOSTUsers" time="0.412"/>
  <testcase classname="api.test.DDTests" name="testPOSTUsers" time="0.462"/>
  <testcase classname="api.test.DDTests" name="testPOSTUsers" time="0.410"/>
  <testcase classname="api.test.DDTests" name="testPOSTUsers" time="0.307"/>
  <testcase classname="api.test.DDTests" name="testPOSTUsers" time="0.410"/>
  <testcase classname="api.test.DDTests" name="testPOSTUsers" time="0.286"/>
  <testcase classname="api.test.DDTests" name="testPOSTUsers" time="0.313"/>
  <testcase classname="api.test.DDTests" name="testPOSTUsers" time="0.279"/>
  <testcase classname="api.test.DDTests" name="testGetUser" time="0.383"/>
  <testcase classname="api.test.DDTests" name="testGetUser" time="0.280"/>
  <testcase classname="api.test.DDTests" name="testGetUser" time="0.298"/>
  <testcase classname="api.test.DDTests" name="testGetUser" time="0.271"/>
  <testcase classname="api.test.DDTests" name="testGetUser" time="0.395"/>
  <testcase classname="api.test.DDTests" name="testGetUser" time="0.283"/>
  <testcase classname="api.test.DDTests" name="testGetUser" time="0.274"/>
  <testcase classname="api.test.DDTests" name="testGetUser" time="0.392"/>
  <testcase classname="api.test.DDTests" name="testGetUser" time="0.455"/>
  <testcase classname="api.test.DDTests" name="testGetUser" time="0.274"/>
  <testcase classname="api.test.DDTests" name="testGetUser" time="0.320"/>
  <testcase classname="api.test.DDTests" name="testGetUser" time="0.269"/>
  <testcase classname="api.test.DDTests" name="testGetUser" time="0.377"/>
  <testcase classname="api.test.DDTests" name="testGetUser" time="0.384"/>
  <testcase classname="api.test.DDTests" name="testGetUser" time="0.396"/>
  <testcase classname="api.test.DDTests" name="testGetUser" time="0.280"/>
  <testcase classname="api.test.DDTests" name="testGetUser" time="0.273"/>
  <testcase classname="api.test.DDTests" name="testGetUser" time="0.292"/>
  <testcase classname="api.test.DDTests" name="testGetUser" time="0.416"/>
  <testcase classname="api.test.DDTests" name="testDelUser" time="0.383"/>
  <testcase classname="api.test.DDTests" name="testDelUser" time="0.384"/>
  <testcase classname="api.test.DDTests" name="testDelUser" time="0.276"/>
  <testcase classname="api.test.DDTests" name="testDelUser" time="0.397"/>
  <testcase classname="api.test.DDTests" name="testDelUser" time="0.278"/>
  <testcase classname="api.test.DDTests" name="testDelUser" time="0.271"/>
  <testcase classname="api.test.DDTests" name="testDelUser" time="0.279"/>
  <testcase classname="api.test.DDTests" name="testDelUser" time="0.277"/>
  <testcase classname="api.test.DDTests" name="testDelUser" time="0.270"/>
  <testcase classname="api.test.DDTests" name="testDelUser" time="0.270"/>
  <testcase classname="api.test.DDTests" name="testDelUser" time="0.343"/>
  <testcase classname="api.test.DDTests" name="testDelUser" time="0.397"/>
  <testcase classname="api.test.DDTests" name="testDelUser" time="0.373"/>
  <testcase classname="api.test.DDTests" name="testDelUser" time="0.341"/>
  <testcase classname="api.test.DDTests" name="testDelUser" time="0.276"/>
  <testcase classname="api.test.DDTests" name="testDelUser" time="0.263"/>
  <testcase classname="api.test.DDTests" name="testDelUser" time="0.268"/>
  <testcase classname="api.test.DDTests" name="testDelUser" time="0.289"/>
  <testcase classname="api.test.DDTests" name="testDelUser" time="0.272"/>
</testsuite> <!-- api.test.DDTests -->
