<?xml version="1.0" encoding="UTF-8"?>
<!-- Generated by org.testng.reporters.JUnitReportReporter -->
<testsuite hostname="Chandra-XPS" failures="0" tests="4" name="api.test.userTests" time="4.981" errors="0" timestamp="2024-08-29T00:53:03 CDT" skipped="0">
  <testcase classname="api.test.userTests" name="testPostUser" time="2.614"/>
  <testcase classname="api.test.userTests" name="testGetUser" time="0.324"/>
  <testcase classname="api.test.userTests" name="testPutUser" time="1.592"/>
  <testcase classname="api.test.userTests" name="testDelUser" time="0.451"/>
</testsuite> <!-- api.test.userTests -->
