<?xml version="1.0" encoding="UTF-8"?>
<!-- Generated by org.testng.reporters.JUnitReportReporter -->
<testsuite hostname="Chandra-XPS" failures="0" tests="4" name="api.test.userTests" time="2.310" errors="0" timestamp="2024-08-29T14:48:09 CDT" skipped="0">
  <testcase classname="api.test.userTests" name="testPostUser" time="0.393"/>
  <testcase classname="api.test.userTests" name="testGetUser" time="0.284"/>
  <testcase classname="api.test.userTests" name="testPutUser" time="1.367"/>
  <testcase classname="api.test.userTests" name="testDelUser" time="0.266"/>
</testsuite> <!-- api.test.userTests -->
